Performing Curl Test HAVE_FCNTL_O_NONBLOCK failed with the following output:
Change Dir: 'C:/Users/colts/Desktop/desktop-trader/out/build/x64-debug/CMakeFiles/CMakeTmp'

Run Build Command(s): "C:/Program Files/Microsoft Visual Studio/2022/Community/Common7/IDE/CommonExtensions/Microsoft/CMake/Ninja/ninja.exe" -v cmTC_d43fb
[1/2] C:\PROGRA~1\MICROS~4\2022\COMMUN~1\VC\Tools\MSVC\1438~1.331\bin\Hostx64\x64\cl.exe  /nologo   /DWIN32 /D_WINDOWS /W3 -DHAVE_FCNTL_O_NONBLOCK  -DHAVE_WINDOWS_H -DHAVE_WS2TCPIP_H -DHAVE_WINSOCK2_H -DHAVE_INTTYPES_H -DHAVE_SYS_STAT_H -DHAVE_SYS_TYPES_H -DHAVE_SYS_UTIME_H -DHAVE_FCNTL_H -DHAVE_IO_H -DHAVE_LOCALE_H -DHAVE_STDBOOL_H -DHAVE_STDINT_H /MDd /Zi /Ob0 /Od /RTC1 /showIncludes /FoCMakeFiles\cmTC_d43fb.dir\CurlTests.c.obj /FdCMakeFiles\cmTC_d43fb.dir\ /FS -c C:\Users\colts\Desktop\desktop-trader\out\build\x64-debug\_deps\curl-src\CMake\CurlTests.c
FAILED: CMakeFiles/cmTC_d43fb.dir/CurlTests.c.obj 
C:\PROGRA~1\MICROS~4\2022\COMMUN~1\VC\Tools\MSVC\1438~1.331\bin\Hostx64\x64\cl.exe  /nologo   /DWIN32 /D_WINDOWS /W3 -DHAVE_FCNTL_O_NONBLOCK  -DHAVE_WINDOWS_H -DHAVE_WS2TCPIP_H -DHAVE_WINSOCK2_H -DHAVE_INTTYPES_H -DHAVE_SYS_STAT_H -DHAVE_SYS_TYPES_H -DHAVE_SYS_UTIME_H -DHAVE_FCNTL_H -DHAVE_IO_H -DHAVE_LOCALE_H -DHAVE_STDBOOL_H -DHAVE_STDINT_H /MDd /Zi /Ob0 /Od /RTC1 /showIncludes /FoCMakeFiles\cmTC_d43fb.dir\CurlTests.c.obj /FdCMakeFiles\cmTC_d43fb.dir\ /FS -c C:\Users\colts\Desktop\desktop-trader\out\build\x64-debug\_deps\curl-src\CMake\CurlTests.c
C:\Users\colts\Desktop\desktop-trader\out\build\x64-debug\_deps\curl-src\CMake\CurlTests.c(29): fatal error C1083: Cannot open include file: 'unistd.h': No such file or directory
ninja: build stopped: subcommand failed.


Performing Curl Test HAVE_IOCTLSOCKET_CAMEL failed with the following output:
Change Dir: 'C:/Users/colts/Desktop/desktop-trader/out/build/x64-debug/CMakeFiles/CMakeTmp'

Run Build Command(s): "C:/Program Files/Microsoft Visual Studio/2022/Community/Common7/IDE/CommonExtensions/Microsoft/CMake/Ninja/ninja.exe" -v cmTC_19542
[1/2] C:\PROGRA~1\MICROS~4\2022\COMMUN~1\VC\Tools\MSVC\1438~1.331\bin\Hostx64\x64\cl.exe  /nologo   /DWIN32 /D_WINDOWS /W3 -DHAVE_IOCTLSOCKET_CAMEL  -DHAVE_WINDOWS_H -DHAVE_WS2TCPIP_H -DHAVE_WINSOCK2_H -DHAVE_INTTYPES_H -DHAVE_SYS_STAT_H -DHAVE_SYS_TYPES_H -DHAVE_SYS_UTIME_H -DHAVE_FCNTL_H -DHAVE_IO_H -DHAVE_LOCALE_H -DHAVE_STDBOOL_H -DHAVE_STDINT_H /MDd /Zi /Ob0 /Od /RTC1 /showIncludes /FoCMakeFiles\cmTC_19542.dir\CurlTests.c.obj /FdCMakeFiles\cmTC_19542.dir\ /FS -c C:\Users\colts\Desktop\desktop-trader\out\build\x64-debug\_deps\curl-src\CMake\CurlTests.c
C:\Users\colts\Desktop\desktop-trader\out\build\x64-debug\_deps\curl-src\CMake\CurlTests.c(228): warning C4013: 'IoctlSocket' undefined; assuming extern returning int
[2/2] cmd.exe /C "cd . && "C:\Program Files\Microsoft Visual Studio\2022\Community\Common7\IDE\CommonExtensions\Microsoft\CMake\CMake\bin\cmake.exe" -E vs_link_exe --intdir=CMakeFiles\cmTC_19542.dir --rc=C:\PROGRA~2\WI3CF2~1\10\bin\100226~1.0\x64\rc.exe --mt=C:\PROGRA~2\WI3CF2~1\10\bin\100226~1.0\x64\mt.exe --manifests  -- C:\PROGRA~1\MICROS~4\2022\COMMUN~1\VC\Tools\MSVC\1438~1.331\bin\Hostx64\x64\link.exe /nologo CMakeFiles\cmTC_19542.dir\CurlTests.c.obj  /out:cmTC_19542.exe /implib:cmTC_19542.lib /pdb:cmTC_19542.pdb /version:0.0 /machine:x64  /debug /INCREMENTAL /subsystem:console  ws2_32.lib  kernel32.lib user32.lib gdi32.lib winspool.lib shell32.lib ole32.lib oleaut32.lib uuid.lib comdlg32.lib advapi32.lib && cd ."
FAILED: cmTC_19542.exe 
cmd.exe /C "cd . && "C:\Program Files\Microsoft Visual Studio\2022\Community\Common7\IDE\CommonExtensions\Microsoft\CMake\CMake\bin\cmake.exe" -E vs_link_exe --intdir=CMakeFiles\cmTC_19542.dir --rc=C:\PROGRA~2\WI3CF2~1\10\bin\100226~1.0\x64\rc.exe --mt=C:\PROGRA~2\WI3CF2~1\10\bin\100226~1.0\x64\mt.exe --manifests  -- C:\PROGRA~1\MICROS~4\2022\COMMUN~1\VC\Tools\MSVC\1438~1.331\bin\Hostx64\x64\link.exe /nologo CMakeFiles\cmTC_19542.dir\CurlTests.c.obj  /out:cmTC_19542.exe /implib:cmTC_19542.lib /pdb:cmTC_19542.pdb /version:0.0 /machine:x64  /debug /INCREMENTAL /subsystem:console  ws2_32.lib  kernel32.lib user32.lib gdi32.lib winspool.lib shell32.lib ole32.lib oleaut32.lib uuid.lib comdlg32.lib advapi32.lib && cd ."
LINK Pass 1: command "C:\PROGRA~1\MICROS~4\2022\COMMUN~1\VC\Tools\MSVC\1438~1.331\bin\Hostx64\x64\link.exe /nologo CMakeFiles\cmTC_19542.dir\CurlTests.c.obj /out:cmTC_19542.exe /implib:cmTC_19542.lib /pdb:cmTC_19542.pdb /version:0.0 /machine:x64 /debug /INCREMENTAL /subsystem:console ws2_32.lib kernel32.lib user32.lib gdi32.lib winspool.lib shell32.lib ole32.lib oleaut32.lib uuid.lib comdlg32.lib advapi32.lib /MANIFEST /MANIFESTFILE:CMakeFiles\cmTC_19542.dir/intermediate.manifest CMakeFiles\cmTC_19542.dir/manifest.res" failed (exit code 1120) with the following output:
CurlTests.c.obj : error LNK2019: unresolved external symbol IoctlSocket referenced in function main
cmTC_19542.exe : fatal error LNK1120: 1 unresolved externals
ninja: build stopped: subcommand failed.


Performing Curl Test HAVE_IOCTLSOCKET_CAMEL_FIONBIO failed with the following output:
Change Dir: 'C:/Users/colts/Desktop/desktop-trader/out/build/x64-debug/CMakeFiles/CMakeTmp'

Run Build Command(s): "C:/Program Files/Microsoft Visual Studio/2022/Community/Common7/IDE/CommonExtensions/Microsoft/CMake/Ninja/ninja.exe" -v cmTC_58d47
[1/2] C:\PROGRA~1\MICROS~4\2022\COMMUN~1\VC\Tools\MSVC\1438~1.331\bin\Hostx64\x64\cl.exe  /nologo   /DWIN32 /D_WINDOWS /W3 -DHAVE_IOCTLSOCKET_CAMEL_FIONBIO  -DHAVE_WINDOWS_H -DHAVE_WS2TCPIP_H -DHAVE_WINSOCK2_H -DHAVE_INTTYPES_H -DHAVE_SYS_STAT_H -DHAVE_SYS_TYPES_H -DHAVE_SYS_UTIME_H -DHAVE_FCNTL_H -DHAVE_IO_H -DHAVE_LOCALE_H -DHAVE_STDBOOL_H -DHAVE_STDINT_H /MDd /Zi /Ob0 /Od /RTC1 /showIncludes /FoCMakeFiles\cmTC_58d47.dir\CurlTests.c.obj /FdCMakeFiles\cmTC_58d47.dir\ /FS -c C:\Users\colts\Desktop\desktop-trader\out\build\x64-debug\_deps\curl-src\CMake\CurlTests.c
C:\Users\colts\Desktop\desktop-trader\out\build\x64-debug\_deps\curl-src\CMake\CurlTests.c(252): warning C4013: 'IoctlSocket' undefined; assuming extern returning int
[2/2] cmd.exe /C "cd . && "C:\Program Files\Microsoft Visual Studio\2022\Community\Common7\IDE\CommonExtensions\Microsoft\CMake\CMake\bin\cmake.exe" -E vs_link_exe --intdir=CMakeFiles\cmTC_58d47.dir --rc=C:\PROGRA~2\WI3CF2~1\10\bin\100226~1.0\x64\rc.exe --mt=C:\PROGRA~2\WI3CF2~1\10\bin\100226~1.0\x64\mt.exe --manifests  -- C:\PROGRA~1\MICROS~4\2022\COMMUN~1\VC\Tools\MSVC\1438~1.331\bin\Hostx64\x64\link.exe /nologo CMakeFiles\cmTC_58d47.dir\CurlTests.c.obj  /out:cmTC_58d47.exe /implib:cmTC_58d47.lib /pdb:cmTC_58d47.pdb /version:0.0 /machine:x64  /debug /INCREMENTAL /subsystem:console  ws2_32.lib  kernel32.lib user32.lib gdi32.lib winspool.lib shell32.lib ole32.lib oleaut32.lib uuid.lib comdlg32.lib advapi32.lib && cd ."
FAILED: cmTC_58d47.exe 
cmd.exe /C "cd . && "C:\Program Files\Microsoft Visual Studio\2022\Community\Common7\IDE\CommonExtensions\Microsoft\CMake\CMake\bin\cmake.exe" -E vs_link_exe --intdir=CMakeFiles\cmTC_58d47.dir --rc=C:\PROGRA~2\WI3CF2~1\10\bin\100226~1.0\x64\rc.exe --mt=C:\PROGRA~2\WI3CF2~1\10\bin\100226~1.0\x64\mt.exe --manifests  -- C:\PROGRA~1\MICROS~4\2022\COMMUN~1\VC\Tools\MSVC\1438~1.331\bin\Hostx64\x64\link.exe /nologo CMakeFiles\cmTC_58d47.dir\CurlTests.c.obj  /out:cmTC_58d47.exe /implib:cmTC_58d47.lib /pdb:cmTC_58d47.pdb /version:0.0 /machine:x64  /debug /INCREMENTAL /subsystem:console  ws2_32.lib  kernel32.lib user32.lib gdi32.lib winspool.lib shell32.lib ole32.lib oleaut32.lib uuid.lib comdlg32.lib advapi32.lib && cd ."
LINK Pass 1: command "C:\PROGRA~1\MICROS~4\2022\COMMUN~1\VC\Tools\MSVC\1438~1.331\bin\Hostx64\x64\link.exe /nologo CMakeFiles\cmTC_58d47.dir\CurlTests.c.obj /out:cmTC_58d47.exe /implib:cmTC_58d47.lib /pdb:cmTC_58d47.pdb /version:0.0 /machine:x64 /debug /INCREMENTAL /subsystem:console ws2_32.lib kernel32.lib user32.lib gdi32.lib winspool.lib shell32.lib ole32.lib oleaut32.lib uuid.lib comdlg32.lib advapi32.lib /MANIFEST /MANIFESTFILE:CMakeFiles\cmTC_58d47.dir/intermediate.manifest CMakeFiles\cmTC_58d47.dir/manifest.res" failed (exit code 1120) with the following output:
CurlTests.c.obj : error LNK2019: unresolved external symbol IoctlSocket referenced in function main
cmTC_58d47.exe : fatal error LNK1120: 1 unresolved externals
ninja: build stopped: subcommand failed.


Performing Curl Test HAVE_IOCTL_FIONBIO failed with the following output:
Change Dir: 'C:/Users/colts/Desktop/desktop-trader/out/build/x64-debug/CMakeFiles/CMakeTmp'

Run Build Command(s): "C:/Program Files/Microsoft Visual Studio/2022/Community/Common7/IDE/CommonExtensions/Microsoft/CMake/Ninja/ninja.exe" -v cmTC_56502
[1/2] C:\PROGRA~1\MICROS~4\2022\COMMUN~1\VC\Tools\MSVC\1438~1.331\bin\Hostx64\x64\cl.exe  /nologo   /DWIN32 /D_WINDOWS /W3 -DHAVE_IOCTL_FIONBIO  -DHAVE_WINDOWS_H -DHAVE_WS2TCPIP_H -DHAVE_WINSOCK2_H -DHAVE_INTTYPES_H -DHAVE_SYS_STAT_H -DHAVE_SYS_TYPES_H -DHAVE_SYS_UTIME_H -DHAVE_FCNTL_H -DHAVE_IO_H -DHAVE_LOCALE_H -DHAVE_STDBOOL_H -DHAVE_STDINT_H /MDd /Zi /Ob0 /Od /RTC1 /showIncludes /FoCMakeFiles\cmTC_56502.dir\CurlTests.c.obj /FdCMakeFiles\cmTC_56502.dir\ /FS -c C:\Users\colts\Desktop\desktop-trader\out\build\x64-debug\_deps\curl-src\CMake\CurlTests.c
FAILED: CMakeFiles/cmTC_56502.dir/CurlTests.c.obj 
C:\PROGRA~1\MICROS~4\2022\COMMUN~1\VC\Tools\MSVC\1438~1.331\bin\Hostx64\x64\cl.exe  /nologo   /DWIN32 /D_WINDOWS /W3 -DHAVE_IOCTL_FIONBIO  -DHAVE_WINDOWS_H -DHAVE_WS2TCPIP_H -DHAVE_WINSOCK2_H -DHAVE_INTTYPES_H -DHAVE_SYS_STAT_H -DHAVE_SYS_TYPES_H -DHAVE_SYS_UTIME_H -DHAVE_FCNTL_H -DHAVE_IO_H -DHAVE_LOCALE_H -DHAVE_STDBOOL_H -DHAVE_STDINT_H /MDd /Zi /Ob0 /Od /RTC1 /showIncludes /FoCMakeFiles\cmTC_56502.dir\CurlTests.c.obj /FdCMakeFiles\cmTC_56502.dir\ /FS -c C:\Users\colts\Desktop\desktop-trader\out\build\x64-debug\_deps\curl-src\CMake\CurlTests.c
C:\Users\colts\Desktop\desktop-trader\out\build\x64-debug\_deps\curl-src\CMake\CurlTests.c(306): warning C4013: 'ioctl' undefined; assuming extern returning int
C:\Users\colts\Desktop\desktop-trader\out\build\x64-debug\_deps\curl-src\CMake\CurlTests.c(306): error C2065: 'FIONBIO': undeclared identifier
ninja: build stopped: subcommand failed.


Performing Curl Test HAVE_SETSOCKOPT_SO_NONBLOCK failed with the following output:
Change Dir: 'C:/Users/colts/Desktop/desktop-trader/out/build/x64-debug/CMakeFiles/CMakeTmp'

Run Build Command(s): "C:/Program Files/Microsoft Visual Studio/2022/Community/Common7/IDE/CommonExtensions/Microsoft/CMake/Ninja/ninja.exe" -v cmTC_046dd
[1/2] C:\PROGRA~1\MICROS~4\2022\COMMUN~1\VC\Tools\MSVC\1438~1.331\bin\Hostx64\x64\cl.exe  /nologo   /DWIN32 /D_WINDOWS /W3 -DHAVE_SETSOCKOPT_SO_NONBLOCK  -DHAVE_WINDOWS_H -DHAVE_WS2TCPIP_H -DHAVE_WINSOCK2_H -DHAVE_INTTYPES_H -DHAVE_SYS_STAT_H -DHAVE_SYS_TYPES_H -DHAVE_SYS_UTIME_H -DHAVE_FCNTL_H -DHAVE_IO_H -DHAVE_LOCALE_H -DHAVE_STDBOOL_H -DHAVE_STDINT_H /MDd /Zi /Ob0 /Od /RTC1 /showIncludes /FoCMakeFiles\cmTC_046dd.dir\CurlTests.c.obj /FdCMakeFiles\cmTC_046dd.dir\ /FS -c C:\Users\colts\Desktop\desktop-trader\out\build\x64-debug\_deps\curl-src\CMake\CurlTests.c
FAILED: CMakeFiles/cmTC_046dd.dir/CurlTests.c.obj 
C:\PROGRA~1\MICROS~4\2022\COMMUN~1\VC\Tools\MSVC\1438~1.331\bin\Hostx64\x64\cl.exe  /nologo   /DWIN32 /D_WINDOWS /W3 -DHAVE_SETSOCKOPT_SO_NONBLOCK  -DHAVE_WINDOWS_H -DHAVE_WS2TCPIP_H -DHAVE_WINSOCK2_H -DHAVE_INTTYPES_H -DHAVE_SYS_STAT_H -DHAVE_SYS_TYPES_H -DHAVE_SYS_UTIME_H -DHAVE_FCNTL_H -DHAVE_IO_H -DHAVE_LOCALE_H -DHAVE_STDBOOL_H -DHAVE_STDINT_H /MDd /Zi /Ob0 /Od /RTC1 /showIncludes /FoCMakeFiles\cmTC_046dd.dir\CurlTests.c.obj /FdCMakeFiles\cmTC_046dd.dir\ /FS -c C:\Users\colts\Desktop\desktop-trader\out\build\x64-debug\_deps\curl-src\CMake\CurlTests.c
C:\Users\colts\Desktop\desktop-trader\out\build\x64-debug\_deps\curl-src\CMake\CurlTests.c(367): error C2065: 'SO_NONBLOCK': undeclared identifier
ninja: build stopped: subcommand failed.


Performing Curl Test HAVE_FILE_OFFSET_BITS failed with the following output:
Change Dir: 'C:/Users/colts/Desktop/desktop-trader/out/build/x64-debug/CMakeFiles/CMakeTmp'

Run Build Command(s): "C:/Program Files/Microsoft Visual Studio/2022/Community/Common7/IDE/CommonExtensions/Microsoft/CMake/Ninja/ninja.exe" -v cmTC_e9b16
[1/2] C:\PROGRA~1\MICROS~4\2022\COMMUN~1\VC\Tools\MSVC\1438~1.331\bin\Hostx64\x64\cl.exe  /nologo   /DWIN32 /D_WINDOWS /W3 -DHAVE_FILE_OFFSET_BITS  -DHAVE_WINDOWS_H -DHAVE_WS2TCPIP_H -DHAVE_WINSOCK2_H -DHAVE_INTTYPES_H -DHAVE_SYS_STAT_H -DHAVE_SYS_TYPES_H -DHAVE_SYS_UTIME_H -DHAVE_FCNTL_H -DHAVE_IO_H -DHAVE_LOCALE_H -DHAVE_STDBOOL_H -DHAVE_STDINT_H /MDd /Zi /Ob0 /Od /RTC1 /showIncludes /FoCMakeFiles\cmTC_e9b16.dir\CurlTests.c.obj /FdCMakeFiles\cmTC_e9b16.dir\ /FS -c C:\Users\colts\Desktop\desktop-trader\out\build\x64-debug\_deps\curl-src\CMake\CurlTests.c
FAILED: CMakeFiles/cmTC_e9b16.dir/CurlTests.c.obj 
C:\PROGRA~1\MICROS~4\2022\COMMUN~1\VC\Tools\MSVC\1438~1.331\bin\Hostx64\x64\cl.exe  /nologo   /DWIN32 /D_WINDOWS /W3 -DHAVE_FILE_OFFSET_BITS  -DHAVE_WINDOWS_H -DHAVE_WS2TCPIP_H -DHAVE_WINSOCK2_H -DHAVE_INTTYPES_H -DHAVE_SYS_STAT_H -DHAVE_SYS_TYPES_H -DHAVE_SYS_UTIME_H -DHAVE_FCNTL_H -DHAVE_IO_H -DHAVE_LOCALE_H -DHAVE_STDBOOL_H -DHAVE_STDINT_H /MDd /Zi /Ob0 /Od /RTC1 /showIncludes /FoCMakeFiles\cmTC_e9b16.dir\CurlTests.c.obj /FdCMakeFiles\cmTC_e9b16.dir\ /FS -c C:\Users\colts\Desktop\desktop-trader\out\build\x64-debug\_deps\curl-src\CMake\CurlTests.c
C:\Users\colts\Desktop\desktop-trader\out\build\x64-debug\_deps\curl-src\CMake\CurlTests.c(181): warning C4293: '<<': shift count negative or too big, undefined behavior
C:\Users\colts\Desktop\desktop-trader\out\build\x64-debug\_deps\curl-src\CMake\CurlTests.c(182): warning C4293: '<<': shift count negative or too big, undefined behavior
C:\Users\colts\Desktop\desktop-trader\out\build\x64-debug\_deps\curl-src\CMake\CurlTests.c(181): error C2118: negative subscript
ninja: build stopped: subcommand failed.


Performing Curl Test HAVE_VARIADIC_MACROS_GCC failed with the following output:
Change Dir: 'C:/Users/colts/Desktop/desktop-trader/out/build/x64-debug/CMakeFiles/CMakeTmp'

Run Build Command(s): "C:/Program Files/Microsoft Visual Studio/2022/Community/Common7/IDE/CommonExtensions/Microsoft/CMake/Ninja/ninja.exe" -v cmTC_1715f
[1/2] C:\PROGRA~1\MICROS~4\2022\COMMUN~1\VC\Tools\MSVC\1438~1.331\bin\Hostx64\x64\cl.exe  /nologo   /DWIN32 /D_WINDOWS /W3 -DHAVE_VARIADIC_MACROS_GCC  -DHAVE_WINDOWS_H -DHAVE_WS2TCPIP_H -DHAVE_WINSOCK2_H -DHAVE_INTTYPES_H -DHAVE_SYS_STAT_H -DHAVE_SYS_TYPES_H -DHAVE_SYS_UTIME_H -DHAVE_FCNTL_H -DHAVE_IO_H -DHAVE_LOCALE_H -DHAVE_STDBOOL_H -DHAVE_STDINT_H /MDd /Zi /Ob0 /Od /RTC1 /showIncludes /FoCMakeFiles\cmTC_1715f.dir\CurlTests.c.obj /FdCMakeFiles\cmTC_1715f.dir\ /FS -c C:\Users\colts\Desktop\desktop-trader\out\build\x64-debug\_deps\curl-src\CMake\CurlTests.c
FAILED: CMakeFiles/cmTC_1715f.dir/CurlTests.c.obj 
C:\PROGRA~1\MICROS~4\2022\COMMUN~1\VC\Tools\MSVC\1438~1.331\bin\Hostx64\x64\cl.exe  /nologo   /DWIN32 /D_WINDOWS /W3 -DHAVE_VARIADIC_MACROS_GCC  -DHAVE_WINDOWS_H -DHAVE_WS2TCPIP_H -DHAVE_WINSOCK2_H -DHAVE_INTTYPES_H -DHAVE_SYS_STAT_H -DHAVE_SYS_TYPES_H -DHAVE_SYS_UTIME_H -DHAVE_FCNTL_H -DHAVE_IO_H -DHAVE_LOCALE_H -DHAVE_STDBOOL_H -DHAVE_STDINT_H /MDd /Zi /Ob0 /Od /RTC1 /showIncludes /FoCMakeFiles\cmTC_1715f.dir\CurlTests.c.obj /FdCMakeFiles\cmTC_1715f.dir\ /FS -c C:\Users\colts\Desktop\desktop-trader\out\build\x64-debug\_deps\curl-src\CMake\CurlTests.c
C:\Users\colts\Desktop\desktop-trader\out\build\x64-debug\_deps\curl-src\CMake\CurlTests.c(458): error C2010: '.': unexpected in macro parameter list
C:\Users\colts\Desktop\desktop-trader\out\build\x64-debug\_deps\curl-src\CMake\CurlTests.c(459): error C2010: '.': unexpected in macro parameter list
ninja: build stopped: subcommand failed.


Performing Curl Test HAVE_ATOMIC failed with the following output:
Change Dir: 'C:/Users/colts/Desktop/desktop-trader/out/build/x64-debug/CMakeFiles/CMakeTmp'

Run Build Command(s): "C:/Program Files/Microsoft Visual Studio/2022/Community/Common7/IDE/CommonExtensions/Microsoft/CMake/Ninja/ninja.exe" -v cmTC_d0f91
[1/2] C:\PROGRA~1\MICROS~4\2022\COMMUN~1\VC\Tools\MSVC\1438~1.331\bin\Hostx64\x64\cl.exe  /nologo   /DWIN32 /D_WINDOWS /W3 -DHAVE_ATOMIC  -DHAVE_WINDOWS_H -DHAVE_WS2TCPIP_H -DHAVE_WINSOCK2_H -DHAVE_INTTYPES_H -DHAVE_SYS_STAT_H -DHAVE_SYS_TYPES_H -DHAVE_SYS_UTIME_H -DHAVE_FCNTL_H -DHAVE_IO_H -DHAVE_LOCALE_H -DHAVE_STDBOOL_H -DHAVE_STDINT_H /MDd /Zi /Ob0 /Od /RTC1 /showIncludes /FoCMakeFiles\cmTC_d0f91.dir\CurlTests.c.obj /FdCMakeFiles\cmTC_d0f91.dir\ /FS -c C:\Users\colts\Desktop\desktop-trader\out\build\x64-debug\_deps\curl-src\CMake\CurlTests.c
FAILED: CMakeFiles/cmTC_d0f91.dir/CurlTests.c.obj 
C:\PROGRA~1\MICROS~4\2022\COMMUN~1\VC\Tools\MSVC\1438~1.331\bin\Hostx64\x64\cl.exe  /nologo   /DWIN32 /D_WINDOWS /W3 -DHAVE_ATOMIC  -DHAVE_WINDOWS_H -DHAVE_WS2TCPIP_H -DHAVE_WINSOCK2_H -DHAVE_INTTYPES_H -DHAVE_SYS_STAT_H -DHAVE_SYS_TYPES_H -DHAVE_SYS_UTIME_H -DHAVE_FCNTL_H -DHAVE_IO_H -DHAVE_LOCALE_H -DHAVE_STDBOOL_H -DHAVE_STDINT_H /MDd /Zi /Ob0 /Od /RTC1 /showIncludes /FoCMakeFiles\cmTC_d0f91.dir\CurlTests.c.obj /FdCMakeFiles\cmTC_d0f91.dir\ /FS -c C:\Users\colts\Desktop\desktop-trader\out\build\x64-debug\_deps\curl-src\CMake\CurlTests.c
C:\Users\colts\Desktop\desktop-trader\out\build\x64-debug\_deps\curl-src\CMake\CurlTests.c(495): error C2065: '_Atomic': undeclared identifier
C:\Users\colts\Desktop\desktop-trader\out\build\x64-debug\_deps\curl-src\CMake\CurlTests.c(495): error C2143: syntax error: missing ';' before 'type'
ninja: build stopped: subcommand failed.


Performing Curl Test HAVE_POSIX_STRERROR_R failed with the following output:
Change Dir: 'C:/Users/colts/Desktop/desktop-trader/out/build/x64-debug/CMakeFiles/CMakeTmp'

Run Build Command(s): "C:/Program Files/Microsoft Visual Studio/2022/Community/Common7/IDE/CommonExtensions/Microsoft/CMake/Ninja/ninja.exe" -v cmTC_d3d49
[1/2] C:\PROGRA~1\MICROS~4\2022\COMMUN~1\VC\Tools\MSVC\1438~1.331\bin\Hostx64\x64\cl.exe  /nologo   /DWIN32 /D_WINDOWS /W3 -DHAVE_POSIX_STRERROR_R  -DHAVE_WINDOWS_H -DHAVE_WS2TCPIP_H -DHAVE_WINSOCK2_H -DHAVE_INTTYPES_H -DHAVE_SYS_STAT_H -DHAVE_SYS_TYPES_H -DHAVE_SYS_UTIME_H -DHAVE_FCNTL_H -DHAVE_IO_H -DHAVE_LOCALE_H -DHAVE_STDBOOL_H -DHAVE_STDINT_H /MDd /Zi /Ob0 /Od /RTC1 /showIncludes /FoCMakeFiles\cmTC_d3d49.dir\CurlTests.c.obj /FdCMakeFiles\cmTC_d3d49.dir\ /FS -c C:\Users\colts\Desktop\desktop-trader\out\build\x64-debug\_deps\curl-src\CMake\CurlTests.c
C:\Users\colts\Desktop\desktop-trader\out\build\x64-debug\_deps\curl-src\CMake\CurlTests.c(398): warning C4013: 'strerror_r' undefined; assuming extern returning int
C:\Users\colts\Desktop\desktop-trader\out\build\x64-debug\_deps\curl-src\CMake\CurlTests.c(398): warning C4244: 'function': conversion from 'int' to 'float', possible loss of data
[2/2] cmd.exe /C "cd . && "C:\Program Files\Microsoft Visual Studio\2022\Community\Common7\IDE\CommonExtensions\Microsoft\CMake\CMake\bin\cmake.exe" -E vs_link_exe --intdir=CMakeFiles\cmTC_d3d49.dir --rc=C:\PROGRA~2\WI3CF2~1\10\bin\100226~1.0\x64\rc.exe --mt=C:\PROGRA~2\WI3CF2~1\10\bin\100226~1.0\x64\mt.exe --manifests  -- C:\PROGRA~1\MICROS~4\2022\COMMUN~1\VC\Tools\MSVC\1438~1.331\bin\Hostx64\x64\link.exe /nologo CMakeFiles\cmTC_d3d49.dir\CurlTests.c.obj  /out:cmTC_d3d49.exe /implib:cmTC_d3d49.lib /pdb:cmTC_d3d49.pdb /version:0.0 /machine:x64  /debug /INCREMENTAL /subsystem:console  ws2_32.lib  kernel32.lib user32.lib gdi32.lib winspool.lib shell32.lib ole32.lib oleaut32.lib uuid.lib comdlg32.lib advapi32.lib && cd ."
FAILED: cmTC_d3d49.exe 
cmd.exe /C "cd . && "C:\Program Files\Microsoft Visual Studio\2022\Community\Common7\IDE\CommonExtensions\Microsoft\CMake\CMake\bin\cmake.exe" -E vs_link_exe --intdir=CMakeFiles\cmTC_d3d49.dir --rc=C:\PROGRA~2\WI3CF2~1\10\bin\100226~1.0\x64\rc.exe --mt=C:\PROGRA~2\WI3CF2~1\10\bin\100226~1.0\x64\mt.exe --manifests  -- C:\PROGRA~1\MICROS~4\2022\COMMUN~1\VC\Tools\MSVC\1438~1.331\bin\Hostx64\x64\link.exe /nologo CMakeFiles\cmTC_d3d49.dir\CurlTests.c.obj  /out:cmTC_d3d49.exe /implib:cmTC_d3d49.lib /pdb:cmTC_d3d49.pdb /version:0.0 /machine:x64  /debug /INCREMENTAL /subsystem:console  ws2_32.lib  kernel32.lib user32.lib gdi32.lib winspool.lib shell32.lib ole32.lib oleaut32.lib uuid.lib comdlg32.lib advapi32.lib && cd ."
LINK Pass 1: command "C:\PROGRA~1\MICROS~4\2022\COMMUN~1\VC\Tools\MSVC\1438~1.331\bin\Hostx64\x64\link.exe /nologo CMakeFiles\cmTC_d3d49.dir\CurlTests.c.obj /out:cmTC_d3d49.exe /implib:cmTC_d3d49.lib /pdb:cmTC_d3d49.pdb /version:0.0 /machine:x64 /debug /INCREMENTAL /subsystem:console ws2_32.lib kernel32.lib user32.lib gdi32.lib winspool.lib shell32.lib ole32.lib oleaut32.lib uuid.lib comdlg32.lib advapi32.lib /MANIFEST /MANIFESTFILE:CMakeFiles\cmTC_d3d49.dir/intermediate.manifest CMakeFiles\cmTC_d3d49.dir/manifest.res" failed (exit code 1120) with the following output:
CurlTests.c.obj : error LNK2019: unresolved external symbol strerror_r referenced in function main
cmTC_d3d49.exe : fatal error LNK1120: 1 unresolved externals
ninja: build stopped: subcommand failed.


Performing Curl Test HAVE_CLOCK_GETTIME_MONOTONIC failed with the following output:
Change Dir: 'C:/Users/colts/Desktop/desktop-trader/out/build/x64-debug/CMakeFiles/CMakeTmp'

Run Build Command(s): "C:/Program Files/Microsoft Visual Studio/2022/Community/Common7/IDE/CommonExtensions/Microsoft/CMake/Ninja/ninja.exe" -v cmTC_ea053
[1/2] C:\PROGRA~1\MICROS~4\2022\COMMUN~1\VC\Tools\MSVC\1438~1.331\bin\Hostx64\x64\cl.exe  /nologo   /DWIN32 /D_WINDOWS /W3 -DHAVE_CLOCK_GETTIME_MONOTONIC  -DHAVE_WINDOWS_H -DHAVE_WS2TCPIP_H -DHAVE_WINSOCK2_H -DHAVE_INTTYPES_H -DHAVE_SYS_STAT_H -DHAVE_SYS_TYPES_H -DHAVE_SYS_UTIME_H -DHAVE_FCNTL_H -DHAVE_IO_H -DHAVE_LOCALE_H -DHAVE_STDBOOL_H -DHAVE_STDINT_H /MDd /Zi /Ob0 /Od /RTC1 /showIncludes /FoCMakeFiles\cmTC_ea053.dir\CurlTests.c.obj /FdCMakeFiles\cmTC_ea053.dir\ /FS -c C:\Users\colts\Desktop\desktop-trader\out\build\x64-debug\_deps\curl-src\CMake\CurlTests.c
FAILED: CMakeFiles/cmTC_ea053.dir/CurlTests.c.obj 
C:\PROGRA~1\MICROS~4\2022\COMMUN~1\VC\Tools\MSVC\1438~1.331\bin\Hostx64\x64\cl.exe  /nologo   /DWIN32 /D_WINDOWS /W3 -DHAVE_CLOCK_GETTIME_MONOTONIC  -DHAVE_WINDOWS_H -DHAVE_WS2TCPIP_H -DHAVE_WINSOCK2_H -DHAVE_INTTYPES_H -DHAVE_SYS_STAT_H -DHAVE_SYS_TYPES_H -DHAVE_SYS_UTIME_H -DHAVE_FCNTL_H -DHAVE_IO_H -DHAVE_LOCALE_H -DHAVE_STDBOOL_H -DHAVE_STDINT_H /MDd /Zi /Ob0 /Od /RTC1 /showIncludes /FoCMakeFiles\cmTC_ea053.dir\CurlTests.c.obj /FdCMakeFiles\cmTC_ea053.dir\ /FS -c C:\Users\colts\Desktop\desktop-trader\out\build\x64-debug\_deps\curl-src\CMake\CurlTests.c
C:\Users\colts\Desktop\desktop-trader\out\build\x64-debug\_deps\curl-src\CMake\CurlTests.c(423): warning C4013: 'clock_gettime' undefined; assuming extern returning int
C:\Users\colts\Desktop\desktop-trader\out\build\x64-debug\_deps\curl-src\CMake\CurlTests.c(423): error C2065: 'CLOCK_MONOTONIC': undeclared identifier
ninja: build stopped: subcommand failed.


Performing Curl Test HAVE_BUILTIN_AVAILABLE failed with the following output:
Change Dir: 'C:/Users/colts/Desktop/desktop-trader/out/build/x64-debug/CMakeFiles/CMakeTmp'

Run Build Command(s): "C:/Program Files/Microsoft Visual Studio/2022/Community/Common7/IDE/CommonExtensions/Microsoft/CMake/Ninja/ninja.exe" -v cmTC_5d0e5
[1/2] C:\PROGRA~1\MICROS~4\2022\COMMUN~1\VC\Tools\MSVC\1438~1.331\bin\Hostx64\x64\cl.exe  /nologo   /DWIN32 /D_WINDOWS /W3 -DHAVE_BUILTIN_AVAILABLE  -DHAVE_WINDOWS_H -DHAVE_WS2TCPIP_H -DHAVE_WINSOCK2_H -DHAVE_INTTYPES_H -DHAVE_SYS_STAT_H -DHAVE_SYS_TYPES_H -DHAVE_SYS_UTIME_H -DHAVE_FCNTL_H -DHAVE_IO_H -DHAVE_LOCALE_H -DHAVE_STDBOOL_H -DHAVE_STDINT_H /MDd /Zi /Ob0 /Od /RTC1 /showIncludes /FoCMakeFiles\cmTC_5d0e5.dir\CurlTests.c.obj /FdCMakeFiles\cmTC_5d0e5.dir\ /FS -c C:\Users\colts\Desktop\desktop-trader\out\build\x64-debug\_deps\curl-src\CMake\CurlTests.c
FAILED: CMakeFiles/cmTC_5d0e5.dir/CurlTests.c.obj 
C:\PROGRA~1\MICROS~4\2022\COMMUN~1\VC\Tools\MSVC\1438~1.331\bin\Hostx64\x64\cl.exe  /nologo   /DWIN32 /D_WINDOWS /W3 -DHAVE_BUILTIN_AVAILABLE  -DHAVE_WINDOWS_H -DHAVE_WS2TCPIP_H -DHAVE_WINSOCK2_H -DHAVE_INTTYPES_H -DHAVE_SYS_STAT_H -DHAVE_SYS_TYPES_H -DHAVE_SYS_UTIME_H -DHAVE_FCNTL_H -DHAVE_IO_H -DHAVE_LOCALE_H -DHAVE_STDBOOL_H -DHAVE_STDINT_H /MDd /Zi /Ob0 /Od /RTC1 /showIncludes /FoCMakeFiles\cmTC_5d0e5.dir\CurlTests.c.obj /FdCMakeFiles\cmTC_5d0e5.dir\ /FS -c C:\Users\colts\Desktop\desktop-trader\out\build\x64-debug\_deps\curl-src\CMake\CurlTests.c
C:\Users\colts\Desktop\desktop-trader\out\build\x64-debug\_deps\curl-src\CMake\CurlTests.c(430): warning C4013: '__builtin_available' undefined; assuming extern returning int
C:\Users\colts\Desktop\desktop-trader\out\build\x64-debug\_deps\curl-src\CMake\CurlTests.c(430): error C2065: 'macOS': undeclared identifier
C:\Users\colts\Desktop\desktop-trader\out\build\x64-debug\_deps\curl-src\CMake\CurlTests.c(430): error C2143: syntax error: missing ')' before 'constant'
C:\Users\colts\Desktop\desktop-trader\out\build\x64-debug\_deps\curl-src\CMake\CurlTests.c(430): error C2059: syntax error: ')'
C:\Users\colts\Desktop\desktop-trader\out\build\x64-debug\_deps\curl-src\CMake\CurlTests.c(430): error C2059: syntax error: ')'
ninja: build stopped: subcommand failed.


